0 info it worked if it ends with ok
1 verbose cli [ 'C:\\Program Files\\nodejs\\node.exe',
1 verbose cli   'C:\\Program Files\\nodejs\\node_modules\\npm\\bin\\npm-cli.js',
1 verbose cli   'rebuild',
1 verbose cli   'node-sass' ]
2 info using npm@3.10.10
3 info using node@v6.10.0
4 info readInstalled object
5 verbose rebuild path, id [ 'F:\\project\\yquoulali.github.io\\node_modules\\grunt-sass\\node_modules\\node-sass',
5 verbose rebuild   'node-sass@0.9.3' ]
6 silly rebuild set [ 'F:\\project\\yquoulali.github.io\\node_modules\\grunt-sass\\node_modules\\node-sass' ]
7 info build F:\project\yquoulali.github.io\node_modules\grunt-sass\node_modules\node-sass
8 info lifecycle node-sass@0.9.3~preinstall: node-sass@0.9.3
9 silly lifecycle node-sass@0.9.3~preinstall: no script for preinstall, continuing
10 info linkStuff node-sass@0.9.3
11 silly linkStuff node-sass@0.9.3 has F:\project\yquoulali.github.io\node_modules\grunt-sass\node_modules as its parent node_modules
12 verbose linkBins node-sass@0.9.3
13 verbose link bins [ { 'node-sass': 'bin/node-sass' },
13 verbose link bins   'F:\\project\\yquoulali.github.io\\node_modules\\grunt-sass\\node_modules\\.bin',
13 verbose link bins   false ]
14 verbose linkMans node-sass@0.9.3
15 verbose rebuildBundles node-sass@0.9.3
16 verbose rebuildBundles [ '.bin',
16 verbose rebuildBundles   'chalk',
16 verbose rebuildBundles   'mkdirp',
16 verbose rebuildBundles   'mocha',
16 verbose rebuildBundles   'nan',
16 verbose rebuildBundles   'node-sass-middleware',
16 verbose rebuildBundles   'node-watch',
16 verbose rebuildBundles   'object-assign',
16 verbose rebuildBundles   'optimist',
16 verbose rebuildBundles   'shelljs',
16 verbose rebuildBundles   'sinon' ]
17 info lifecycle node-sass@0.9.3~install: node-sass@0.9.3
18 verbose lifecycle node-sass@0.9.3~install: unsafe-perm in lifecycle true
19 verbose lifecycle node-sass@0.9.3~install: PATH: C:\Program Files\nodejs\node_modules\npm\bin\node-gyp-bin;F:\project\yquoulali.github.io\node_modules\grunt-sass\node_modules\node-sass\node_modules\.bin;F:\project\yquoulali.github.io\node_modules\grunt-sass\node_modules\.bin;F:\project\yquoulali.github.io\node_modules\.bin;C:\ProgramData\Oracle\Java\javapath;C:\Program Files\Java\jdk1.7.0_79\bin;C:\Program Files (x86)\Intel\iCLS Client\;C:\Program Files\Intel\iCLS Client\;C:\Windows\system32;C:\Windows;C:\Windows\System32\Wbem;C:\Windows\System32\WindowsPowerShell\v1.0\;C:\Program Files\Intel\WiFi\bin\;C:\Program Files\Common Files\Intel\WirelessCommon\;C:\Program Files\Git\cmd;C:\Program Files (x86)\Intel\Intel(R) Management Engine Components\DAL;C:\Program Files\Intel\Intel(R) Management Engine Components\DAL;C:\Program Files (x86)\Intel\Intel(R) Management Engine Components\IPT;C:\Program Files\Intel\Intel(R) Management Engine Components\IPT;C:\Program Files (x86)\Skype\Phone\;C:\Program Files\nodejs\;C:\Ruby23-x64\bin;C:\Users\yquoulali\AppData\Local\Microsoft\WindowsApps;C:\Program Files\Intel\WiFi\bin\;C:\Program Files\Common Files\Intel\WirelessCommon\;C:\Users\yquoulali\AppData\Roaming\npm
20 verbose lifecycle node-sass@0.9.3~install: CWD: F:\project\yquoulali.github.io\node_modules\grunt-sass\node_modules\node-sass
21 silly lifecycle node-sass@0.9.3~install: Args: [ '/d /s /c', 'node build.js' ]
22 silly lifecycle node-sass@0.9.3~install: Returned: code: 1  signal: null
23 info lifecycle node-sass@0.9.3~install: Failed to exec install script
24 verbose stack Error: node-sass@0.9.3 install: `node build.js`
24 verbose stack Exit status 1
24 verbose stack     at EventEmitter.<anonymous> (C:\Program Files\nodejs\node_modules\npm\lib\utils\lifecycle.js:255:16)
24 verbose stack     at emitTwo (events.js:106:13)
24 verbose stack     at EventEmitter.emit (events.js:191:7)
24 verbose stack     at ChildProcess.<anonymous> (C:\Program Files\nodejs\node_modules\npm\lib\utils\spawn.js:40:14)
24 verbose stack     at emitTwo (events.js:106:13)
24 verbose stack     at ChildProcess.emit (events.js:191:7)
24 verbose stack     at maybeClose (internal/child_process.js:877:16)
24 verbose stack     at Process.ChildProcess._handle.onexit (internal/child_process.js:226:5)
25 verbose pkgid node-sass@0.9.3
26 verbose cwd F:\project\yquoulali.github.io
27 error Windows_NT 10.0.14393
28 error argv "C:\\Program Files\\nodejs\\node.exe" "C:\\Program Files\\nodejs\\node_modules\\npm\\bin\\npm-cli.js" "rebuild" "node-sass"
29 error node v6.10.0
30 error npm  v3.10.10
31 error code ELIFECYCLE
32 error node-sass@0.9.3 install: `node build.js`
32 error Exit status 1
33 error Failed at the node-sass@0.9.3 install script 'node build.js'.
33 error Make sure you have the latest version of node.js and npm installed.
33 error If you do, this is most likely a problem with the node-sass package,
33 error not with npm itself.
33 error Tell the author that this fails on your system:
33 error     node build.js
33 error You can get information on how to open an issue for this project with:
33 error     npm bugs node-sass
33 error Or if that isn't available, you can get their info via:
33 error     npm owner ls node-sass
33 error There is likely additional logging output above.
34 verbose exit [ 1, true ]
